{"/Users/imseongbin/Desktop/workspace/Playground/to-do-test/server.js": {"path":"/Users/imseongbin/Desktop/workspace/Playground/to-do-test/server.js","statementMap":{"0":{"start":{"line":1,"column":16},"end":{"line":1,"column":34}},"1":{"start":{"line":2,"column":17},"end":{"line":2,"column":36}},"2":{"start":{"line":3,"column":22},"end":{"line":3,"column":50}},"3":{"start":{"line":5,"column":13},"end":{"line":5,"column":17}},"4":{"start":{"line":7,"column":12},"end":{"line":7,"column":21}},"5":{"start":{"line":9,"column":0},"end":{"line":14,"column":38}},"6":{"start":{"line":13,"column":14},"end":{"line":13,"column":39}},"7":{"start":{"line":14,"column":18},"end":{"line":14,"column":36}},"8":{"start":{"line":16,"column":0},"end":{"line":16,"column":41}},"9":{"start":{"line":18,"column":0},"end":{"line":18,"column":39}},"10":{"start":{"line":20,"column":0},"end":{"line":22,"column":3}},"11":{"start":{"line":21,"column":2},"end":{"line":21,"column":51}},"12":{"start":{"line":24,"column":0},"end":{"line":26,"column":3}},"13":{"start":{"line":25,"column":2},"end":{"line":25,"column":26}},"14":{"start":{"line":28,"column":0},"end":{"line":28,"column":21}}},"fnMap":{"0":{"name":"(anonymous_0)","decl":{"start":{"line":13,"column":8},"end":{"line":13,"column":9}},"loc":{"start":{"line":13,"column":14},"end":{"line":13,"column":39}},"line":13},"1":{"name":"(anonymous_1)","decl":{"start":{"line":14,"column":9},"end":{"line":14,"column":10}},"loc":{"start":{"line":14,"column":18},"end":{"line":14,"column":36}},"line":14},"2":{"name":"(anonymous_2)","decl":{"start":{"line":20,"column":8},"end":{"line":20,"column":9}},"loc":{"start":{"line":20,"column":35},"end":{"line":22,"column":1}},"line":20},"3":{"name":"(anonymous_3)","decl":{"start":{"line":24,"column":17},"end":{"line":24,"column":18}},"loc":{"start":{"line":24,"column":23},"end":{"line":26,"column":1}},"line":24}},"branchMap":{},"s":{"0":1,"1":1,"2":1,"3":1,"4":1,"5":1,"6":1,"7":0,"8":1,"9":1,"10":1,"11":1,"12":1,"13":1,"14":1},"f":{"0":1,"1":0,"2":1,"3":1},"b":{},"_coverageSchema":"1a1c01bbd47fc00a2c39e90264f33305004495a9","hash":"2456050ef6d44ca073fabdfe7312f9992011ae93"}
,"/Users/imseongbin/Desktop/workspace/Playground/to-do-test/controllers/product.js": {"path":"/Users/imseongbin/Desktop/workspace/Playground/to-do-test/controllers/product.js","statementMap":{"0":{"start":{"line":2,"column":21},"end":{"line":2,"column":52}},"1":{"start":{"line":4,"column":0},"end":{"line":11,"column":2}},"2":{"start":{"line":5,"column":2},"end":{"line":10,"column":3}},"3":{"start":{"line":6,"column":27},"end":{"line":6,"column":62}},"4":{"start":{"line":7,"column":4},"end":{"line":7,"column":41}},"5":{"start":{"line":9,"column":4},"end":{"line":9,"column":16}},"6":{"start":{"line":13,"column":0},"end":{"line":20,"column":2}},"7":{"start":{"line":14,"column":2},"end":{"line":19,"column":3}},"8":{"start":{"line":15,"column":21},"end":{"line":15,"column":48}},"9":{"start":{"line":16,"column":4},"end":{"line":16,"column":35}},"10":{"start":{"line":18,"column":4},"end":{"line":18,"column":16}},"11":{"start":{"line":22,"column":0},"end":{"line":33,"column":2}},"12":{"start":{"line":23,"column":2},"end":{"line":32,"column":3}},"13":{"start":{"line":24,"column":20},"end":{"line":24,"column":62}},"14":{"start":{"line":25,"column":4},"end":{"line":29,"column":5}},"15":{"start":{"line":26,"column":6},"end":{"line":26,"column":36}},"16":{"start":{"line":28,"column":6},"end":{"line":28,"column":41}},"17":{"start":{"line":31,"column":4},"end":{"line":31,"column":16}},"18":{"start":{"line":35,"column":0},"end":{"line":44,"column":2}},"19":{"start":{"line":36,"column":2},"end":{"line":43,"column":3}},"20":{"start":{"line":37,"column":20},"end":{"line":37,"column":96}},"21":{"start":{"line":38,"column":4},"end":{"line":40,"column":34}},"22":{"start":{"line":39,"column":6},"end":{"line":39,"column":36}},"23":{"start":{"line":40,"column":11},"end":{"line":40,"column":34}},"24":{"start":{"line":42,"column":4},"end":{"line":42,"column":16}},"25":{"start":{"line":46,"column":0},"end":{"line":56,"column":2}},"26":{"start":{"line":47,"column":2},"end":{"line":55,"column":3}},"27":{"start":{"line":48,"column":19},"end":{"line":48,"column":70}},"28":{"start":{"line":50,"column":4},"end":{"line":52,"column":34}},"29":{"start":{"line":51,"column":6},"end":{"line":51,"column":35}},"30":{"start":{"line":52,"column":11},"end":{"line":52,"column":34}},"31":{"start":{"line":54,"column":4},"end":{"line":54,"column":16}}},"fnMap":{"0":{"name":"(anonymous_0)","decl":{"start":{"line":4,"column":24},"end":{"line":4,"column":25}},"loc":{"start":{"line":4,"column":50},"end":{"line":11,"column":1}},"line":4},"1":{"name":"(anonymous_1)","decl":{"start":{"line":13,"column":22},"end":{"line":13,"column":23}},"loc":{"start":{"line":13,"column":48},"end":{"line":20,"column":1}},"line":13},"2":{"name":"(anonymous_2)","decl":{"start":{"line":22,"column":25},"end":{"line":22,"column":26}},"loc":{"start":{"line":22,"column":51},"end":{"line":33,"column":1}},"line":22},"3":{"name":"(anonymous_3)","decl":{"start":{"line":35,"column":24},"end":{"line":35,"column":25}},"loc":{"start":{"line":35,"column":50},"end":{"line":44,"column":1}},"line":35},"4":{"name":"(anonymous_4)","decl":{"start":{"line":46,"column":24},"end":{"line":46,"column":25}},"loc":{"start":{"line":46,"column":50},"end":{"line":56,"column":1}},"line":46}},"branchMap":{"0":{"loc":{"start":{"line":25,"column":4},"end":{"line":29,"column":5}},"type":"if","locations":[{"start":{"line":25,"column":4},"end":{"line":29,"column":5}},{"start":{"line":27,"column":11},"end":{"line":29,"column":5}}],"line":25},"1":{"loc":{"start":{"line":38,"column":4},"end":{"line":40,"column":34}},"type":"if","locations":[{"start":{"line":38,"column":4},"end":{"line":40,"column":34}},{"start":{"line":40,"column":11},"end":{"line":40,"column":34}}],"line":38},"2":{"loc":{"start":{"line":50,"column":4},"end":{"line":52,"column":34}},"type":"if","locations":[{"start":{"line":50,"column":4},"end":{"line":52,"column":34}},{"start":{"line":52,"column":11},"end":{"line":52,"column":34}}],"line":50}},"s":{"0":2,"1":2,"2":6,"3":6,"4":4,"5":2,"6":2,"7":5,"8":5,"9":4,"10":1,"11":2,"12":7,"13":7,"14":6,"15":3,"16":3,"17":1,"18":2,"19":6,"20":6,"21":5,"22":2,"23":3,"24":1,"25":2,"26":6,"27":6,"28":5,"29":2,"30":3,"31":1},"f":{"0":6,"1":5,"2":7,"3":6,"4":6},"b":{"0":[3,3],"1":[2,3],"2":[2,3]},"_coverageSchema":"1a1c01bbd47fc00a2c39e90264f33305004495a9","hash":"9b62e9a9c7d3250317291cebcf38d81baf3690e6"}
,"/Users/imseongbin/Desktop/workspace/Playground/to-do-test/models/Product.js": {"path":"/Users/imseongbin/Desktop/workspace/Playground/to-do-test/models/Product.js","statementMap":{"0":{"start":{"line":1,"column":17},"end":{"line":1,"column":36}},"1":{"start":{"line":3,"column":22},"end":{"line":15,"column":2}},"2":{"start":{"line":17,"column":16},"end":{"line":17,"column":56}},"3":{"start":{"line":19,"column":0},"end":{"line":19,"column":25}}},"fnMap":{},"branchMap":{},"s":{"0":2,"1":2,"2":2,"3":2},"f":{},"b":{},"_coverageSchema":"1a1c01bbd47fc00a2c39e90264f33305004495a9","hash":"6b4da0a004b400375d2a06fe321195263ab10fd1"}
,"/Users/imseongbin/Desktop/workspace/Playground/to-do-test/routes/index.js": {"path":"/Users/imseongbin/Desktop/workspace/Playground/to-do-test/routes/index.js","statementMap":{"0":{"start":{"line":2,"column":16},"end":{"line":2,"column":34}},"1":{"start":{"line":3,"column":26},"end":{"line":3,"column":62}},"2":{"start":{"line":5,"column":15},"end":{"line":5,"column":31}},"3":{"start":{"line":7,"column":0},"end":{"line":7,"column":50}},"4":{"start":{"line":8,"column":0},"end":{"line":8,"column":47}},"5":{"start":{"line":9,"column":0},"end":{"line":9,"column":53}},"6":{"start":{"line":10,"column":0},"end":{"line":10,"column":52}},"7":{"start":{"line":11,"column":0},"end":{"line":11,"column":55}},"8":{"start":{"line":13,"column":0},"end":{"line":13,"column":24}}},"fnMap":{},"branchMap":{},"s":{"0":1,"1":1,"2":1,"3":1,"4":1,"5":1,"6":1,"7":1,"8":1},"f":{},"b":{},"_coverageSchema":"1a1c01bbd47fc00a2c39e90264f33305004495a9","hash":"b31eb57e686268f994b65144632f23d5257c2622"}
}
