TN:
SF:server.js
FN:13,(anonymous_0)
FN:14,(anonymous_1)
FN:20,(anonymous_2)
FN:24,(anonymous_3)
FNF:4
FNH:3
FNDA:1,(anonymous_0)
FNDA:0,(anonymous_1)
FNDA:1,(anonymous_2)
FNDA:1,(anonymous_3)
DA:1,1
DA:2,1
DA:3,1
DA:5,1
DA:7,1
DA:9,1
DA:13,1
DA:14,0
DA:16,1
DA:18,1
DA:20,1
DA:21,1
DA:24,1
DA:25,1
DA:28,1
LF:15
LH:14
BRF:0
BRH:0
end_of_record
TN:
SF:controllers/product.js
FN:4,(anonymous_0)
FN:13,(anonymous_1)
FN:22,(anonymous_2)
FN:35,(anonymous_3)
FN:46,(anonymous_4)
FNF:5
FNH:5
FNDA:6,(anonymous_0)
FNDA:5,(anonymous_1)
FNDA:7,(anonymous_2)
FNDA:6,(anonymous_3)
FNDA:6,(anonymous_4)
DA:2,2
DA:4,2
DA:5,6
DA:6,6
DA:7,4
DA:9,2
DA:13,2
DA:14,5
DA:15,5
DA:16,4
DA:18,1
DA:22,2
DA:23,7
DA:24,7
DA:25,6
DA:26,3
DA:28,3
DA:31,1
DA:35,2
DA:36,6
DA:37,6
DA:38,5
DA:39,2
DA:40,3
DA:42,1
DA:46,2
DA:47,6
DA:48,6
DA:50,5
DA:51,2
DA:52,3
DA:54,1
LF:32
LH:32
BRDA:25,0,0,3
BRDA:25,0,1,3
BRDA:38,1,0,2
BRDA:38,1,1,3
BRDA:50,2,0,2
BRDA:50,2,1,3
BRF:6
BRH:6
end_of_record
TN:
SF:models/Product.js
FNF:0
FNH:0
DA:1,2
DA:3,2
DA:17,2
DA:19,2
LF:4
LH:4
BRF:0
BRH:0
end_of_record
TN:
SF:routes/index.js
FNF:0
FNH:0
DA:2,1
DA:3,1
DA:5,1
DA:7,1
DA:8,1
DA:9,1
DA:10,1
DA:11,1
DA:13,1
LF:9
LH:9
BRF:0
BRH:0
end_of_record
